  CREATE_STREAM @0 {NAME:sw_seq T:Transactions SCOPE:uvm_test_top.env.ahb_agnt.hsequencer STREAM:855}
  CREATE_STREAM @5 {NAME:sr_seq T:Transactions SCOPE:uvm_test_top.env.ahb_agnt.hsequencer STREAM:914}
  CREATE_STREAM @25 {NAME:bw_seq T:Transactions SCOPE:uvm_test_top.env.ahb_agnt.hsequencer STREAM:954}
  CREATE_STREAM @105 {NAME:br_seq T:Transactions SCOPE:uvm_test_top.env.ahb_agnt.hsequencer STREAM:1102}
  CREATE_STREAM @185 {NAME:saf_seq T:Transactions SCOPE:uvm_test_top.env.ahb_agnt.hsequencer STREAM:1250}
  CREATE_STREAM @205 {NAME:aseq T:Transactions SCOPE:uvm_test_top.env.ahb_agnt.hsequencer STREAM:1290}
  CREATE_STREAM @0 {NAME:sw_seq T:Transactions SCOPE:uvm_test_top.env.ahb_agnt.hsequencer STREAM:868}
  CREATE_STREAM @5 {NAME:sr_seq T:Transactions SCOPE:uvm_test_top.env.ahb_agnt.hsequencer STREAM:927}
  CREATE_STREAM @25 {NAME:bw_seq T:Transactions SCOPE:uvm_test_top.env.ahb_agnt.hsequencer STREAM:967}
  CREATE_STREAM @105 {NAME:br_seq T:Transactions SCOPE:uvm_test_top.env.ahb_agnt.hsequencer STREAM:1115}
  CREATE_STREAM @185 {NAME:saf_seq T:Transactions SCOPE:uvm_test_top.env.ahb_agnt.hsequencer STREAM:1263}
  CREATE_STREAM @205 {NAME:aseq T:Transactions SCOPE:uvm_test_top.env.ahb_agnt.hsequencer STREAM:1303}
  LINK @0 {TXH1:847 TXH2:858 RELATION=child}
  LINK @15 {TXH1:915 TXH2:935 RELATION=child}
  LINK @35 {TXH1:964 TXH2:988 RELATION=child}
  LINK @55 {TXH1:964 TXH2:1032 RELATION=child}
  LINK @75 {TXH1:964 TXH2:1076 RELATION=child}
  LINK @95 {TXH1:964 TXH2:1120 RELATION=child}
  LINK @115 {TXH1:1149 TXH2:1173 RELATION=child}
  LINK @135 {TXH1:1149 TXH2:1217 RELATION=child}
  LINK @155 {TXH1:1149 TXH2:1261 RELATION=child}
  LINK @175 {TXH1:1149 TXH2:1305 RELATION=child}
  LINK @195 {TXH1:1334 TXH2:1354 RELATION=child}
  LINK @215 {TXH1:1383 TXH2:1403 RELATION=child}
  CREATE_STREAM @0 {NAME:sw_seq T:Transactions SCOPE:uvm_test_top.env.ahb_agnt.hsequencer STREAM:868}
  CREATE_STREAM @5 {NAME:sr_seq T:Transactions SCOPE:uvm_test_top.env.ahb_agnt.hsequencer STREAM:927}
  CREATE_STREAM @25 {NAME:bw_seq T:Transactions SCOPE:uvm_test_top.env.ahb_agnt.hsequencer STREAM:967}
  CREATE_STREAM @105 {NAME:br_seq T:Transactions SCOPE:uvm_test_top.env.ahb_agnt.hsequencer STREAM:1115}
  CREATE_STREAM @185 {NAME:saf_seq T:Transactions SCOPE:uvm_test_top.env.ahb_agnt.hsequencer STREAM:1263}
  CREATE_STREAM @205 {NAME:aseq T:Transactions SCOPE:uvm_test_top.env.ahb_agnt.hsequencer STREAM:1303}
  CREATE_STREAM @0 {NAME:sw_seq T:Transactions SCOPE:uvm_test_top.env.ahb_agnt.hsequencer STREAM:868}
  CREATE_STREAM @5 {NAME:sr_seq T:Transactions SCOPE:uvm_test_top.env.ahb_agnt.hsequencer STREAM:927}
  CREATE_STREAM @25 {NAME:bw_seq T:Transactions SCOPE:uvm_test_top.env.ahb_agnt.hsequencer STREAM:967}
  CREATE_STREAM @105 {NAME:br_seq T:Transactions SCOPE:uvm_test_top.env.ahb_agnt.hsequencer STREAM:1115}
  CREATE_STREAM @185 {NAME:saf_seq T:Transactions SCOPE:uvm_test_top.env.ahb_agnt.hsequencer STREAM:1263}
  CREATE_STREAM @205 {NAME:aseq T:Transactions SCOPE:uvm_test_top.env.ahb_agnt.hsequencer STREAM:1303}
  CREATE_STREAM @0 {NAME:sw_seq T:Transactions SCOPE:uvm_test_top.env.ahb_agnt.hsequencer STREAM:868}
  CREATE_STREAM @5 {NAME:sr_seq T:Transactions SCOPE:uvm_test_top.env.ahb_agnt.hsequencer STREAM:927}
  CREATE_STREAM @25 {NAME:bw_seq T:Transactions SCOPE:uvm_test_top.env.ahb_agnt.hsequencer STREAM:967}
  CREATE_STREAM @105 {NAME:br_seq T:Transactions SCOPE:uvm_test_top.env.ahb_agnt.hsequencer STREAM:1115}
  CREATE_STREAM @185 {NAME:saf_seq T:Transactions SCOPE:uvm_test_top.env.ahb_agnt.hsequencer STREAM:1263}
  CREATE_STREAM @205 {NAME:aseq T:Transactions SCOPE:uvm_test_top.env.ahb_agnt.hsequencer STREAM:1303}
  CREATE_STREAM @0 {NAME:sw_seq T:Transactions SCOPE:uvm_test_top.env.ahb_agnt.hsequencer STREAM:868}
  CREATE_STREAM @5 {NAME:sr_seq T:Transactions SCOPE:uvm_test_top.env.ahb_agnt.hsequencer STREAM:927}
  CREATE_STREAM @25 {NAME:bw_seq T:Transactions SCOPE:uvm_test_top.env.ahb_agnt.hsequencer STREAM:967}
  CREATE_STREAM @105 {NAME:br_seq T:Transactions SCOPE:uvm_test_top.env.ahb_agnt.hsequencer STREAM:1115}
  CREATE_STREAM @185 {NAME:saf_seq T:Transactions SCOPE:uvm_test_top.env.ahb_agnt.hsequencer STREAM:1263}
  CREATE_STREAM @205 {NAME:aseq T:Transactions SCOPE:uvm_test_top.env.ahb_agnt.hsequencer STREAM:1303}
  CREATE_STREAM @0 {NAME:sw_seq T:Transactions SCOPE:uvm_test_top.env.ahb_agnt.hsequencer STREAM:868}
  CREATE_STREAM @5 {NAME:sr_seq T:Transactions SCOPE:uvm_test_top.env.ahb_agnt.hsequencer STREAM:927}
  CREATE_STREAM @25 {NAME:bw_seq T:Transactions SCOPE:uvm_test_top.env.ahb_agnt.hsequencer STREAM:967}
  CREATE_STREAM @105 {NAME:br_seq T:Transactions SCOPE:uvm_test_top.env.ahb_agnt.hsequencer STREAM:1115}
  CREATE_STREAM @185 {NAME:saf_seq T:Transactions SCOPE:uvm_test_top.env.ahb_agnt.hsequencer STREAM:1263}
  CREATE_STREAM @205 {NAME:aseq T:Transactions SCOPE:uvm_test_top.env.ahb_agnt.hsequencer STREAM:1303}
  LINK @0 {TXH1:847 TXH2:858 RELATION=child}
  LINK @15 {TXH1:915 TXH2:935 RELATION=child}
  LINK @35 {TXH1:964 TXH2:988 RELATION=child}
  LINK @55 {TXH1:964 TXH2:1032 RELATION=child}
  LINK @75 {TXH1:964 TXH2:1076 RELATION=child}
  LINK @95 {TXH1:964 TXH2:1120 RELATION=child}
  LINK @115 {TXH1:1149 TXH2:1173 RELATION=child}
  LINK @135 {TXH1:1149 TXH2:1217 RELATION=child}
  LINK @155 {TXH1:1149 TXH2:1261 RELATION=child}
  LINK @175 {TXH1:1149 TXH2:1305 RELATION=child}
  LINK @195 {TXH1:1334 TXH2:1354 RELATION=child}
  LINK @215 {TXH1:1383 TXH2:1403 RELATION=child}
  LINK @0 {TXH1:847 TXH2:858 RELATION=child}
  LINK @15 {TXH1:915 TXH2:935 RELATION=child}
  LINK @35 {TXH1:964 TXH2:988 RELATION=child}
  LINK @55 {TXH1:964 TXH2:1032 RELATION=child}
  LINK @75 {TXH1:964 TXH2:1076 RELATION=child}
  LINK @95 {TXH1:964 TXH2:1120 RELATION=child}
  LINK @115 {TXH1:1149 TXH2:1173 RELATION=child}
  LINK @135 {TXH1:1149 TXH2:1217 RELATION=child}
  LINK @155 {TXH1:1149 TXH2:1261 RELATION=child}
  LINK @175 {TXH1:1149 TXH2:1305 RELATION=child}
  LINK @195 {TXH1:1334 TXH2:1354 RELATION=child}
  LINK @215 {TXH1:1383 TXH2:1403 RELATION=child}
  LINK @0 {TXH1:847 TXH2:858 RELATION=child}
  LINK @15 {TXH1:915 TXH2:935 RELATION=child}
  LINK @35 {TXH1:964 TXH2:988 RELATION=child}
  LINK @55 {TXH1:964 TXH2:1032 RELATION=child}
  LINK @75 {TXH1:964 TXH2:1076 RELATION=child}
  LINK @95 {TXH1:964 TXH2:1120 RELATION=child}
  LINK @115 {TXH1:1149 TXH2:1173 RELATION=child}
  LINK @135 {TXH1:1149 TXH2:1217 RELATION=child}
  LINK @155 {TXH1:1149 TXH2:1261 RELATION=child}
  LINK @175 {TXH1:1149 TXH2:1305 RELATION=child}
  LINK @195 {TXH1:1334 TXH2:1354 RELATION=child}
  LINK @215 {TXH1:1383 TXH2:1403 RELATION=child}
  CREATE_STREAM @0 {NAME:sw_seq T:Transactions SCOPE:uvm_test_top.env.ahb_agnt.hsequencer STREAM:868}
  CREATE_STREAM @5 {NAME:sr_seq T:Transactions SCOPE:uvm_test_top.env.ahb_agnt.hsequencer STREAM:927}
  CREATE_STREAM @25 {NAME:bw_seq T:Transactions SCOPE:uvm_test_top.env.ahb_agnt.hsequencer STREAM:967}
  CREATE_STREAM @105 {NAME:br_seq T:Transactions SCOPE:uvm_test_top.env.ahb_agnt.hsequencer STREAM:1115}
  CREATE_STREAM @185 {NAME:saf_seq T:Transactions SCOPE:uvm_test_top.env.ahb_agnt.hsequencer STREAM:1263}
  CREATE_STREAM @205 {NAME:aseq T:Transactions SCOPE:uvm_test_top.env.ahb_agnt.hsequencer STREAM:1303}
  CREATE_STREAM @0 {NAME:sw_seq T:Transactions SCOPE:uvm_test_top.env.ahb_agnt.hsequencer STREAM:868}
  CREATE_STREAM @5 {NAME:sr_seq T:Transactions SCOPE:uvm_test_top.env.ahb_agnt.hsequencer STREAM:927}
  CREATE_STREAM @25 {NAME:bw_seq T:Transactions SCOPE:uvm_test_top.env.ahb_agnt.hsequencer STREAM:967}
  CREATE_STREAM @105 {NAME:br_seq T:Transactions SCOPE:uvm_test_top.env.ahb_agnt.hsequencer STREAM:1115}
  CREATE_STREAM @185 {NAME:saf_seq T:Transactions SCOPE:uvm_test_top.env.ahb_agnt.hsequencer STREAM:1263}
  CREATE_STREAM @205 {NAME:aseq T:Transactions SCOPE:uvm_test_top.env.ahb_agnt.hsequencer STREAM:1303}
  LINK @0 {TXH1:847 TXH2:858 RELATION=child}
  LINK @15 {TXH1:915 TXH2:935 RELATION=child}
  LINK @35 {TXH1:964 TXH2:988 RELATION=child}
  LINK @55 {TXH1:964 TXH2:1032 RELATION=child}
  LINK @75 {TXH1:964 TXH2:1076 RELATION=child}
  LINK @95 {TXH1:964 TXH2:1120 RELATION=child}
  LINK @115 {TXH1:1149 TXH2:1173 RELATION=child}
  LINK @135 {TXH1:1149 TXH2:1217 RELATION=child}
  LINK @155 {TXH1:1149 TXH2:1261 RELATION=child}
  LINK @175 {TXH1:1149 TXH2:1305 RELATION=child}
  LINK @195 {TXH1:1334 TXH2:1354 RELATION=child}
  LINK @215 {TXH1:1383 TXH2:1403 RELATION=child}
  CREATE_STREAM @0 {NAME:sw_seq T:Transactions SCOPE:uvm_test_top.env.ahb_agnt.hsequencer STREAM:845}
  CREATE_STREAM @5 {NAME:sr_seq T:Transactions SCOPE:uvm_test_top.env.ahb_agnt.hsequencer STREAM:904}
  CREATE_STREAM @25 {NAME:bw_seq T:Transactions SCOPE:uvm_test_top.env.ahb_agnt.hsequencer STREAM:944}
  CREATE_STREAM @105 {NAME:br_seq T:Transactions SCOPE:uvm_test_top.env.ahb_agnt.hsequencer STREAM:1092}
  CREATE_STREAM @185 {NAME:saf_seq T:Transactions SCOPE:uvm_test_top.env.ahb_agnt.hsequencer STREAM:1240}
  CREATE_STREAM @205 {NAME:aseq T:Transactions SCOPE:uvm_test_top.env.ahb_agnt.hsequencer STREAM:1280}
  CREATE_STREAM @0 {NAME:sw_seq T:Transactions SCOPE:uvm_test_top.env.ahb_agnt.hsequencer STREAM:868}
  CREATE_STREAM @5 {NAME:sr_seq T:Transactions SCOPE:uvm_test_top.env.ahb_agnt.hsequencer STREAM:927}
  CREATE_STREAM @25 {NAME:bw_seq T:Transactions SCOPE:uvm_test_top.env.ahb_agnt.hsequencer STREAM:967}
  CREATE_STREAM @105 {NAME:br_seq T:Transactions SCOPE:uvm_test_top.env.ahb_agnt.hsequencer STREAM:1115}
  CREATE_STREAM @185 {NAME:saf_seq T:Transactions SCOPE:uvm_test_top.env.ahb_agnt.hsequencer STREAM:1263}
  CREATE_STREAM @205 {NAME:aseq T:Transactions SCOPE:uvm_test_top.env.ahb_agnt.hsequencer STREAM:1303}
  CREATE_STREAM @0 {NAME:sw_seq T:Transactions SCOPE:uvm_test_top.env.ahb_agnt.hsequencer STREAM:868}
  CREATE_STREAM @5 {NAME:sr_seq T:Transactions SCOPE:uvm_test_top.env.ahb_agnt.hsequencer STREAM:927}
  CREATE_STREAM @25 {NAME:bw_seq T:Transactions SCOPE:uvm_test_top.env.ahb_agnt.hsequencer STREAM:967}
  CREATE_STREAM @105 {NAME:br_seq T:Transactions SCOPE:uvm_test_top.env.ahb_agnt.hsequencer STREAM:1115}
  CREATE_STREAM @185 {NAME:saf_seq T:Transactions SCOPE:uvm_test_top.env.ahb_agnt.hsequencer STREAM:1263}
  CREATE_STREAM @205 {NAME:aseq T:Transactions SCOPE:uvm_test_top.env.ahb_agnt.hsequencer STREAM:1303}
